<?xml version="1.0" encoding="UTF-8"?>
<testsuite xmlns:xsi="http://www.w3.org/2001/XMLSchema-instance" xsi:noNamespaceSchemaLocation="https://maven.apache.org/surefire/maven-surefire-plugin/xsd/surefire-test-report-3.0.xsd" version="3.0" name="SE.CampusMgmtSyatem.AppTest" time="0.034" tests="1" errors="0" skipped="0" failures="0">
  <properties>
    <property name="java.specification.version" value="22"/>
    <property name="sun.cpu.isalist" value="amd64"/>
    <property name="sun.jnu.encoding" value="Cp1252"/>
    <property name="java.class.path" value="C:\Users\Mahesh Kiran\KMIT College\Coding\SE Lab\CampusMgmtSystem\build-output\test-classes;C:\Users\Mahesh Kiran\KMIT College\Coding\SE Lab\CampusMgmtSystem\build-output\classes;C:\Users\Mahesh Kiran\.m2\repository\junit\junit\4.13-beta-2\junit-4.13-beta-2.jar;C:\Users\Mahesh Kiran\.m2\repository\org\hamcrest\hamcrest-core\1.3\hamcrest-core-1.3.jar;C:\Users\Mahesh Kiran\.m2\repository\com\mysql\mysql-connector-j\8.0.33\mysql-connector-j-8.0.33.jar;C:\Users\Mahesh Kiran\.m2\repository\com\google\protobuf\protobuf-java\3.21.9\protobuf-java-3.21.9.jar;C:\Users\Mahesh Kiran\.m2\repository\org\webjars\bower\jquery\3.6.2\jquery-3.6.2.jar;"/>
    <property name="java.vm.vendor" value="Oracle Corporation"/>
    <property name="sun.arch.data.model" value="64"/>
    <property name="user.variant" value=""/>
    <property name="java.vendor.url" value="https://java.oracle.com/"/>
    <property name="user.timezone" value="Asia/Calcutta"/>
    <property name="os.name" value="Windows 11"/>
    <property name="java.vm.specification.version" value="22"/>
    <property name="sun.java.launcher" value="SUN_STANDARD"/>
    <property name="user.country" value="IN"/>
    <property name="sun.boot.library.path" value="C:\Program Files\Java\jdk-22\bin"/>
    <property name="sun.java.command" value="C:\Users\Mahesh Kiran\AppData\Local\Temp\surefire14707913039072299145\surefirebooter-20250921200220987_3.jar C:\Users\Mahesh Kiran\AppData\Local\Temp\surefire14707913039072299145 2025-09-21T20-02-20_844-jvmRun1 surefire-20250921200220987_1tmp surefire_0-20250921200220987_2tmp"/>
    <property name="jdk.debug" value="release"/>
    <property name="surefire.test.class.path" value="C:\Users\Mahesh Kiran\KMIT College\Coding\SE Lab\CampusMgmtSystem\build-output\test-classes;C:\Users\Mahesh Kiran\KMIT College\Coding\SE Lab\CampusMgmtSystem\build-output\classes;C:\Users\Mahesh Kiran\.m2\repository\junit\junit\4.13-beta-2\junit-4.13-beta-2.jar;C:\Users\Mahesh Kiran\.m2\repository\org\hamcrest\hamcrest-core\1.3\hamcrest-core-1.3.jar;C:\Users\Mahesh Kiran\.m2\repository\com\mysql\mysql-connector-j\8.0.33\mysql-connector-j-8.0.33.jar;C:\Users\Mahesh Kiran\.m2\repository\com\google\protobuf\protobuf-java\3.21.9\protobuf-java-3.21.9.jar;C:\Users\Mahesh Kiran\.m2\repository\org\webjars\bower\jquery\3.6.2\jquery-3.6.2.jar;"/>
    <property name="sun.cpu.endian" value="little"/>
    <property name="user.home" value="C:\Users\Mahesh Kiran"/>
    <property name="user.language" value="en"/>
    <property name="java.specification.vendor" value="Oracle Corporation"/>
    <property name="java.version.date" value="2024-07-16"/>
    <property name="java.home" value="C:\Program Files\Java\jdk-22"/>
    <property name="file.separator" value="\"/>
    <property name="basedir" value="C:\Users\Mahesh Kiran\KMIT College\Coding\SE Lab\CampusMgmtSystem"/>
    <property name="java.vm.compressedOopsMode" value="Zero based"/>
    <property name="line.separator" value="&#10;"/>
    <property name="java.vm.specification.vendor" value="Oracle Corporation"/>
    <property name="java.specification.name" value="Java Platform API Specification"/>
    <property name="surefire.real.class.path" value="C:\Users\Mahesh Kiran\AppData\Local\Temp\surefire14707913039072299145\surefirebooter-20250921200220987_3.jar"/>
    <property name="user.script" value=""/>
    <property name="sun.management.compiler" value="HotSpot 64-Bit Tiered Compilers"/>
    <property name="java.runtime.version" value="22.0.2+9-70"/>
    <property name="user.name" value="Mahesh Kiran"/>
    <property name="stdout.encoding" value="Cp1252"/>
    <property name="path.separator" value=";"/>
    <property name="os.version" value="10.0"/>
    <property name="java.runtime.name" value="Java(TM) SE Runtime Environment"/>
    <property name="file.encoding" value="UTF-8"/>
    <property name="java.vm.name" value="Java HotSpot(TM) 64-Bit Server VM"/>
    <property name="localRepository" value="C:\Users\Mahesh Kiran\.m2\repository"/>
    <property name="java.vendor.url.bug" value="https://bugreport.java.com/bugreport/"/>
    <property name="java.io.tmpdir" value="C:\Users\Mahesh Kiran\AppData\Local\Temp\"/>
    <property name="java.version" value="22.0.2"/>
    <property name="user.dir" value="C:\Users\Mahesh Kiran\KMIT College\Coding\SE Lab\CampusMgmtSystem"/>
    <property name="os.arch" value="amd64"/>
    <property name="java.vm.specification.name" value="Java Virtual Machine Specification"/>
    <property name="sun.os.patch.level" value=""/>
    <property name="native.encoding" value="Cp1252"/>
    <property name="java.library.path" value="C:\Program Files\Java\jdk-22\bin;C:\WINDOWS\Sun\Java\bin;C:\WINDOWS\system32;C:\WINDOWS;C:\Users\Mahesh Kiran\bin;C:\Program Files\Git\mingw64\bin;C:\Program Files\Git\usr\local\bin;C:\Program Files\Git\usr\bin;C:\Program Files\Git\usr\bin;C:\Program Files\Git\mingw64\bin;C:\Program Files\Git\usr\bin;C:\Users\Mahesh Kiran\bin;C:\WINDOWS\system32;C:\WINDOWS;C:\WINDOWS\System32\Wbem;C:\WINDOWS\System32\WindowsPowerShell\v1.0;C:\WINDOWS\System32\OpenSSH;C:\Program Files (x86)\NVIDIA Corporation\PhysX\Common;C:\Program Files\Java\jdk-22\bin;C:\Program Files\MongoDB\Server\8.0\bin;C:\Program Files\Git\cmd;C:\Program Files\dotnet;C:\Program Files\NVIDIA Corporation\NVIDIA app\NvDLISR;C:\Program Files\nodejs;C:\Program Files\Docker\Docker\resources\bin;C:\apache-maven-3.9.11\bin;C:\Program Files\Common Files\Oracle\Java\javapath;C:\Users\Mahesh Kiran\AppData\Local\Programs\Python\Python37\Scripts;C:\Users\Mahesh Kiran\AppData\Local\Programs\Python\Python37;C:\Users\Mahesh Kiran\AppData\Local\Programs\Python\Python38\Scripts;C:\Users\Mahesh Kiran\AppData\Local\Programs\Python\Python38;C:\Users\Mahesh Kiran\AppData\Local\Programs\Python\Python312\Scripts;C:\Users\Mahesh Kiran\AppData\Local\Programs\Python\Python312;C:\Users\Mahesh Kiran\AppData\Local\Programs\Python\Python313\Scripts;C:\Users\Mahesh Kiran\AppData\Local\Programs\Python\Python313;C:\Users\Mahesh Kiran\AppData\Local\Microsoft\WindowsApps;C:\Users\Mahesh Kiran\AppData\Local\Programs\Microsoft VS Code\bin;C:\Users\Mahesh Kiran\AppData\Local\Microsoft\WinGet\Packages\Schniz.fnm_Microsoft.Winget.Source_8wekyb3d8bbwe;C:\MinGW\bin;C:\Users\Mahesh Kiran\AppData\Roaming\npm;C:\Users\Mahesh Kiran\AppData\Local\Programs\Ollama;C:\Users\Mahesh Kiran\AppData\Local\Programs\cursor\resources\app\bin;C:\Users\Mahesh Kiran\AppData\Local\Programs\mongosh;C:\Program Files\Git\usr\bin\vendor_perl;C:\Program Files\Git\usr\bin\core_perl;."/>
    <property name="java.vm.info" value="mixed mode, sharing"/>
    <property name="stderr.encoding" value="Cp1252"/>
    <property name="java.vendor" value="Oracle Corporation"/>
    <property name="java.vm.version" value="22.0.2+9-70"/>
    <property name="sun.io.unicode.encoding" value="UnicodeLittle"/>
    <property name="java.class.version" value="66.0"/>
  </properties>
  <testcase name="testApp" classname="SE.CampusMgmtSyatem.AppTest" time="0.003"/>
</testsuite>